Release 13.4 - xst O.87xd (lin64)
Copyright (c) 1995-2011 Xilinx, Inc.  All rights reserved.
--> 
Parameter TMPDIR set to xst/projnav.tmp


Total REAL time to Xst completion: 0.00 secs
Total CPU time to Xst completion: 0.08 secs
 
--> 
Parameter xsthdpdir set to xst


Total REAL time to Xst completion: 0.00 secs
Total CPU time to Xst completion: 0.08 secs
 
--> 
Reading design: Project.prj

TABLE OF CONTENTS
  1) Synthesis Options Summary
  2) HDL Parsing
  3) HDL Elaboration
  4) HDL Synthesis
       4.1) HDL Synthesis Report
  5) Advanced HDL Synthesis
       5.1) Advanced HDL Synthesis Report
  6) Low Level Synthesis
  7) Partition Report
  8) Design Summary
       8.1) Primitive and Black Box Usage
       8.2) Device utilization summary
       8.3) Partition Resource Summary
       8.4) Timing Report
            8.4.1) Clock Information
            8.4.2) Asynchronous Control Signals Information
            8.4.3) Timing Summary
            8.4.4) Timing Details
            8.4.5) Cross Clock Domains Report


=========================================================================
*                      Synthesis Options Summary                        *
=========================================================================
---- Source Parameters
Input File Name                    : "Project.prj"
Ignore Synthesis Constraint File   : NO

---- Target Parameters
Output File Name                   : "Project"
Output Format                      : NGC
Target Device                      : xc6slx16-2-csg324

---- Source Options
Top Module Name                    : Project
Automatic FSM Extraction           : YES
FSM Encoding Algorithm             : Auto
Safe Implementation                : No
FSM Style                          : LUT
RAM Extraction                     : Yes
RAM Style                          : Auto
ROM Extraction                     : Yes
Shift Register Extraction          : YES
ROM Style                          : Auto
Resource Sharing                   : YES
Asynchronous To Synchronous        : NO
Shift Register Minimum Size        : 2
Use DSP Block                      : Auto
Automatic Register Balancing       : No

---- Target Options
LUT Combining                      : Auto
Reduce Control Sets                : Auto
Add IO Buffers                     : YES
Global Maximum Fanout              : 100000
Add Generic Clock Buffer(BUFG)     : 16
Register Duplication               : YES
Optimize Instantiated Primitives   : NO
Use Clock Enable                   : Auto
Use Synchronous Set                : Auto
Use Synchronous Reset              : Auto
Pack IO Registers into IOBs        : Auto
Equivalent register Removal        : YES

---- General Options
Optimization Goal                  : Speed
Optimization Effort                : 1
Power Reduction                    : NO
Keep Hierarchy                     : No
Netlist Hierarchy                  : As_Optimized
RTL Output                         : Yes
Global Optimization                : AllClockNets
Read Cores                         : YES
Write Timing Constraints           : NO
Cross Clock Analysis               : NO
Hierarchy Separator                : /
Bus Delimiter                      : <>
Case Specifier                     : Maintain
Slice Utilization Ratio            : 100
BRAM Utilization Ratio             : 100
DSP48 Utilization Ratio            : 100
Auto BRAM Packing                  : NO
Slice Utilization Ratio Delta      : 5

=========================================================================

INFO:Xst - Part-select index evaluated to out of bound value may lead to incorrect synthesis results; it is recommended not to use them in RTL

=========================================================================
*                          HDL Parsing                                  *
=========================================================================
Parsing VHDL file "/home/calvillo/Bureau/Compilateur/VHDL/Processeur/Pipeline.vhd" into library work
Parsing entity <Pipeline>.
Parsing architecture <Behavioral> of entity <pipeline>.
Parsing VHDL file "/home/calvillo/Bureau/Compilateur/VHDL/Processeur/ChoiceMux.vhd" into library work
Parsing entity <ChoiceMux>.
Parsing architecture <Behavioral> of entity <choicemux>.
Parsing VHDL file "/home/calvillo/Bureau/Compilateur/VHDL/Processeur/BancRegistres.vhd" into library work
Parsing entity <BancRegistres>.
Parsing architecture <Behavioral> of entity <bancregistres>.
Parsing VHDL file "/home/calvillo/Bureau/Compilateur/VHDL/Processeur/ACU.vhd" into library work
Parsing entity <ALU>.
Parsing architecture <Behavioral> of entity <alu>.
Parsing VHDL file "/home/calvillo/Bureau/Compilateur/VHDL/common.vhd" into library work
Parsing package <common>.
Parsing package body <common>.
Parsing VHDL file "/home/calvillo/Bureau/Compilateur/VHDL/Processeur/Processeur.vhd" into library work
Parsing entity <Processeur>.
Parsing architecture <Behavioral> of entity <processeur>.
Parsing VHDL file "/home/calvillo/Bureau/Compilateur/VHDL/Processeur/MemoireInst.vhd" into library work
Parsing entity <MemoireInst>.
Parsing architecture <Behavioral> of entity <memoireinst>.
Parsing VHDL file "/home/calvillo/Bureau/Compilateur/VHDL/Processeur/MemoireDonnees.vhd" into library work
Parsing entity <MemoireDonnees>.
Parsing architecture <Behavioral> of entity <memoiredonnees>.
Parsing VHDL file "/home/calvillo/Bureau/Compilateur/VHDL/Processeur/Decodeur.vhd" into library work
Parsing entity <Decodeur>.
Parsing architecture <Behavioral> of entity <decodeur>.
Parsing VHDL file "/home/calvillo/Bureau/Compilateur/VHDL/Processeur/Project.vhd" into library work
Parsing entity <Project>.
Parsing architecture <Behavioral> of entity <project>.

=========================================================================
*                            HDL Elaboration                            *
=========================================================================

Elaborating entity <Project> (architecture <Behavioral>) with generics from library <work>.

Elaborating entity <Processeur> (architecture <Behavioral>) with generics from library <work>.
WARNING:HDLCompiler:871 - "/home/calvillo/Bureau/Compilateur/VHDL/Processeur/Processeur.vhd" Line 128: Using initial value "1100000011000000" for keysregistres since it is never assigned
WARNING:HDLCompiler:871 - "/home/calvillo/Bureau/Compilateur/VHDL/Processeur/Processeur.vhd" Line 129: Using initial value "1100000111100001" for keysalu since it is never assigned
WARNING:HDLCompiler:871 - "/home/calvillo/Bureau/Compilateur/VHDL/Processeur/Processeur.vhd" Line 130: Using initial value "0000000100000000" for keysstore since it is never assigned
WARNING:HDLCompiler:871 - "/home/calvillo/Bureau/Compilateur/VHDL/Processeur/Processeur.vhd" Line 131: Using initial value "1111111101111111" for keysload since it is never assigned

Elaborating entity <Pipeline> (architecture <Behavioral>) with generics from library <work>.

Elaborating entity <BancRegistres> (architecture <Behavioral>) with generics from library <work>.

Elaborating entity <ChoiceMux> (architecture <Behavioral>) with generics from library <work>.

Elaborating entity <ALU> (architecture <Behavioral>) with generics from library <work>.

Elaborating entity <MemoireInst> (architecture <Behavioral>) with generics from library <work>.

Elaborating entity <Decodeur> (architecture <Behavioral>) with generics from library <work>.

Elaborating entity <MemoireDonnees> (architecture <Behavioral>) with generics from library <work>.
WARNING:Xst:2972 - "/home/calvillo/Bureau/Compilateur/VHDL/Processeur/Project.vhd" line 111. All outputs of instance <Processeur> of block <Processeur> are unconnected in block <Project>. Underlying logic will be removed.
WARNING:Xst:2972 - "/home/calvillo/Bureau/Compilateur/VHDL/Processeur/Project.vhd" line 112. All outputs of instance <MemoireInstructions> of block <MemoireInst> are unconnected in block <Project>. Underlying logic will be removed.
WARNING:Xst:2972 - "/home/calvillo/Bureau/Compilateur/VHDL/Processeur/Project.vhd" line 113. All outputs of instance <Decodeur> of block <Decodeur> are unconnected in block <Project>. Underlying logic will be removed.
WARNING:Xst:2972 - "/home/calvillo/Bureau/Compilateur/VHDL/Processeur/Project.vhd" line 114. All outputs of instance <MemoireDonnees> of block <MemoireDonnees> are unconnected in block <Project>. Underlying logic will be removed.

=========================================================================
*                           HDL Synthesis                               *
=========================================================================

Synthesizing Unit <Project>.
    Related source file is "/home/calvillo/Bureau/Compilateur/VHDL/Processeur/Project.vhd".
        LEN_SEL = 16
        LEN_INSTR = 28
        MAX_BITS = 16
        OP_BITS = 4
        MAX_ADDR = 8
    Summary:
	no macro.
Unit <Project> synthesized.

Synthesizing Unit <Pipeline>.
    Related source file is "/home/calvillo/Bureau/Compilateur/VHDL/Processeur/Pipeline.vhd".
        MAX_BITS = 16
        OP_BITS = 4
    Found 1-bit register for signal <Bout<15>>.
    Found 1-bit register for signal <Bout<14>>.
    Found 1-bit register for signal <Bout<13>>.
    Found 1-bit register for signal <Bout<12>>.
    Found 1-bit register for signal <Bout<11>>.
    Found 1-bit register for signal <Bout<10>>.
    Found 1-bit register for signal <Bout<9>>.
    Found 1-bit register for signal <Bout<8>>.
    Found 1-bit register for signal <Bout<7>>.
    Found 1-bit register for signal <Bout<6>>.
    Found 1-bit register for signal <Bout<5>>.
    Found 1-bit register for signal <Bout<4>>.
    Found 1-bit register for signal <Bout<3>>.
    Found 1-bit register for signal <Bout<2>>.
    Found 1-bit register for signal <Bout<1>>.
    Found 1-bit register for signal <Bout<0>>.
    Found 1-bit register for signal <Opout<3>>.
    Found 1-bit register for signal <Opout<2>>.
    Found 1-bit register for signal <Opout<1>>.
    Found 1-bit register for signal <Opout<0>>.
    Found 1-bit register for signal <Cout<15>>.
    Found 1-bit register for signal <Cout<14>>.
    Found 1-bit register for signal <Cout<13>>.
    Found 1-bit register for signal <Cout<12>>.
    Found 1-bit register for signal <Cout<11>>.
    Found 1-bit register for signal <Cout<10>>.
    Found 1-bit register for signal <Cout<9>>.
    Found 1-bit register for signal <Cout<8>>.
    Found 1-bit register for signal <Cout<7>>.
    Found 1-bit register for signal <Cout<6>>.
    Found 1-bit register for signal <Cout<5>>.
    Found 1-bit register for signal <Cout<4>>.
    Found 1-bit register for signal <Cout<3>>.
    Found 1-bit register for signal <Cout<2>>.
    Found 1-bit register for signal <Cout<1>>.
    Found 1-bit register for signal <Cout<0>>.
    Found 1-bit register for signal <Aout<15>>.
    Found 1-bit register for signal <Aout<14>>.
    Found 1-bit register for signal <Aout<13>>.
    Found 1-bit register for signal <Aout<12>>.
    Found 1-bit register for signal <Aout<11>>.
    Found 1-bit register for signal <Aout<10>>.
    Found 1-bit register for signal <Aout<9>>.
    Found 1-bit register for signal <Aout<8>>.
    Found 1-bit register for signal <Aout<7>>.
    Found 1-bit register for signal <Aout<6>>.
    Found 1-bit register for signal <Aout<5>>.
    Found 1-bit register for signal <Aout<4>>.
    Found 1-bit register for signal <Aout<3>>.
    Found 1-bit register for signal <Aout<2>>.
    Found 1-bit register for signal <Aout<1>>.
    Found 1-bit register for signal <Aout<0>>.
    Summary:
	inferred  52 D-type flip-flop(s).
Unit <Pipeline> synthesized.

Synthesizing Unit <BancRegistres>.
    Related source file is "/home/calvillo/Bureau/Compilateur/VHDL/Processeur/BancRegistres.vhd".
        MAX_BITS = 16
        MAX_ADDR_BR = 4
    Found 1-bit register for signal <registers_1<15>>.
    Found 1-bit register for signal <registers_1<14>>.
    Found 1-bit register for signal <registers_1<13>>.
    Found 1-bit register for signal <registers_1<12>>.
    Found 1-bit register for signal <registers_1<11>>.
    Found 1-bit register for signal <registers_1<10>>.
    Found 1-bit register for signal <registers_1<9>>.
    Found 1-bit register for signal <registers_1<8>>.
    Found 1-bit register for signal <registers_1<7>>.
    Found 1-bit register for signal <registers_1<6>>.
    Found 1-bit register for signal <registers_1<5>>.
    Found 1-bit register for signal <registers_1<4>>.
    Found 1-bit register for signal <registers_1<3>>.
    Found 1-bit register for signal <registers_1<2>>.
    Found 1-bit register for signal <registers_1<1>>.
    Found 1-bit register for signal <registers_1<0>>.
    Found 1-bit register for signal <registers_2<15>>.
    Found 1-bit register for signal <registers_2<14>>.
    Found 1-bit register for signal <registers_2<13>>.
    Found 1-bit register for signal <registers_2<12>>.
    Found 1-bit register for signal <registers_2<11>>.
    Found 1-bit register for signal <registers_2<10>>.
    Found 1-bit register for signal <registers_2<9>>.
    Found 1-bit register for signal <registers_2<8>>.
    Found 1-bit register for signal <registers_2<7>>.
    Found 1-bit register for signal <registers_2<6>>.
    Found 1-bit register for signal <registers_2<5>>.
    Found 1-bit register for signal <registers_2<4>>.
    Found 1-bit register for signal <registers_2<3>>.
    Found 1-bit register for signal <registers_2<2>>.
    Found 1-bit register for signal <registers_2<1>>.
    Found 1-bit register for signal <registers_2<0>>.
    Found 1-bit register for signal <registers_3<15>>.
    Found 1-bit register for signal <registers_3<14>>.
    Found 1-bit register for signal <registers_3<13>>.
    Found 1-bit register for signal <registers_3<12>>.
    Found 1-bit register for signal <registers_3<11>>.
    Found 1-bit register for signal <registers_3<10>>.
    Found 1-bit register for signal <registers_3<9>>.
    Found 1-bit register for signal <registers_3<8>>.
    Found 1-bit register for signal <registers_3<7>>.
    Found 1-bit register for signal <registers_3<6>>.
    Found 1-bit register for signal <registers_3<5>>.
    Found 1-bit register for signal <registers_3<4>>.
    Found 1-bit register for signal <registers_3<3>>.
    Found 1-bit register for signal <registers_3<2>>.
    Found 1-bit register for signal <registers_3<1>>.
    Found 1-bit register for signal <registers_3<0>>.
    Found 1-bit register for signal <registers_4<15>>.
    Found 1-bit register for signal <registers_4<14>>.
    Found 1-bit register for signal <registers_4<13>>.
    Found 1-bit register for signal <registers_4<12>>.
    Found 1-bit register for signal <registers_4<11>>.
    Found 1-bit register for signal <registers_4<10>>.
    Found 1-bit register for signal <registers_4<9>>.
    Found 1-bit register for signal <registers_4<8>>.
    Found 1-bit register for signal <registers_4<7>>.
    Found 1-bit register for signal <registers_4<6>>.
    Found 1-bit register for signal <registers_4<5>>.
    Found 1-bit register for signal <registers_4<4>>.
    Found 1-bit register for signal <registers_4<3>>.
    Found 1-bit register for signal <registers_4<2>>.
    Found 1-bit register for signal <registers_4<1>>.
    Found 1-bit register for signal <registers_4<0>>.
    Found 1-bit register for signal <registers_5<15>>.
    Found 1-bit register for signal <registers_5<14>>.
    Found 1-bit register for signal <registers_5<13>>.
    Found 1-bit register for signal <registers_5<12>>.
    Found 1-bit register for signal <registers_5<11>>.
    Found 1-bit register for signal <registers_5<10>>.
    Found 1-bit register for signal <registers_5<9>>.
    Found 1-bit register for signal <registers_5<8>>.
    Found 1-bit register for signal <registers_5<7>>.
    Found 1-bit register for signal <registers_5<6>>.
    Found 1-bit register for signal <registers_5<5>>.
    Found 1-bit register for signal <registers_5<4>>.
    Found 1-bit register for signal <registers_5<3>>.
    Found 1-bit register for signal <registers_5<2>>.
    Found 1-bit register for signal <registers_5<1>>.
    Found 1-bit register for signal <registers_5<0>>.
    Found 1-bit register for signal <registers_6<15>>.
    Found 1-bit register for signal <registers_6<14>>.
    Found 1-bit register for signal <registers_6<13>>.
    Found 1-bit register for signal <registers_6<12>>.
    Found 1-bit register for signal <registers_6<11>>.
    Found 1-bit register for signal <registers_6<10>>.
    Found 1-bit register for signal <registers_6<9>>.
    Found 1-bit register for signal <registers_6<8>>.
    Found 1-bit register for signal <registers_6<7>>.
    Found 1-bit register for signal <registers_6<6>>.
    Found 1-bit register for signal <registers_6<5>>.
    Found 1-bit register for signal <registers_6<4>>.
    Found 1-bit register for signal <registers_6<3>>.
    Found 1-bit register for signal <registers_6<2>>.
    Found 1-bit register for signal <registers_6<1>>.
    Found 1-bit register for signal <registers_6<0>>.
    Found 1-bit register for signal <registers_7<15>>.
    Found 1-bit register for signal <registers_7<14>>.
    Found 1-bit register for signal <registers_7<13>>.
    Found 1-bit register for signal <registers_7<12>>.
    Found 1-bit register for signal <registers_7<11>>.
    Found 1-bit register for signal <registers_7<10>>.
    Found 1-bit register for signal <registers_7<9>>.
    Found 1-bit register for signal <registers_7<8>>.
    Found 1-bit register for signal <registers_7<7>>.
    Found 1-bit register for signal <registers_7<6>>.
    Found 1-bit register for signal <registers_7<5>>.
    Found 1-bit register for signal <registers_7<4>>.
    Found 1-bit register for signal <registers_7<3>>.
    Found 1-bit register for signal <registers_7<2>>.
    Found 1-bit register for signal <registers_7<1>>.
    Found 1-bit register for signal <registers_7<0>>.
    Found 1-bit register for signal <registers_8<15>>.
    Found 1-bit register for signal <registers_8<14>>.
    Found 1-bit register for signal <registers_8<13>>.
    Found 1-bit register for signal <registers_8<12>>.
    Found 1-bit register for signal <registers_8<11>>.
    Found 1-bit register for signal <registers_8<10>>.
    Found 1-bit register for signal <registers_8<9>>.
    Found 1-bit register for signal <registers_8<8>>.
    Found 1-bit register for signal <registers_8<7>>.
    Found 1-bit register for signal <registers_8<6>>.
    Found 1-bit register for signal <registers_8<5>>.
    Found 1-bit register for signal <registers_8<4>>.
    Found 1-bit register for signal <registers_8<3>>.
    Found 1-bit register for signal <registers_8<2>>.
    Found 1-bit register for signal <registers_8<1>>.
    Found 1-bit register for signal <registers_8<0>>.
    Found 1-bit register for signal <registers_9<15>>.
    Found 1-bit register for signal <registers_9<14>>.
    Found 1-bit register for signal <registers_9<13>>.
    Found 1-bit register for signal <registers_9<12>>.
    Found 1-bit register for signal <registers_9<11>>.
    Found 1-bit register for signal <registers_9<10>>.
    Found 1-bit register for signal <registers_9<9>>.
    Found 1-bit register for signal <registers_9<8>>.
    Found 1-bit register for signal <registers_9<7>>.
    Found 1-bit register for signal <registers_9<6>>.
    Found 1-bit register for signal <registers_9<5>>.
    Found 1-bit register for signal <registers_9<4>>.
    Found 1-bit register for signal <registers_9<3>>.
    Found 1-bit register for signal <registers_9<2>>.
    Found 1-bit register for signal <registers_9<1>>.
    Found 1-bit register for signal <registers_9<0>>.
    Found 1-bit register for signal <registers_10<15>>.
    Found 1-bit register for signal <registers_10<14>>.
    Found 1-bit register for signal <registers_10<13>>.
    Found 1-bit register for signal <registers_10<12>>.
    Found 1-bit register for signal <registers_10<11>>.
    Found 1-bit register for signal <registers_10<10>>.
    Found 1-bit register for signal <registers_10<9>>.
    Found 1-bit register for signal <registers_10<8>>.
    Found 1-bit register for signal <registers_10<7>>.
    Found 1-bit register for signal <registers_10<6>>.
    Found 1-bit register for signal <registers_10<5>>.
    Found 1-bit register for signal <registers_10<4>>.
    Found 1-bit register for signal <registers_10<3>>.
    Found 1-bit register for signal <registers_10<2>>.
    Found 1-bit register for signal <registers_10<1>>.
    Found 1-bit register for signal <registers_10<0>>.
    Found 1-bit register for signal <registers_11<15>>.
    Found 1-bit register for signal <registers_11<14>>.
    Found 1-bit register for signal <registers_11<13>>.
    Found 1-bit register for signal <registers_11<12>>.
    Found 1-bit register for signal <registers_11<11>>.
    Found 1-bit register for signal <registers_11<10>>.
    Found 1-bit register for signal <registers_11<9>>.
    Found 1-bit register for signal <registers_11<8>>.
    Found 1-bit register for signal <registers_11<7>>.
    Found 1-bit register for signal <registers_11<6>>.
    Found 1-bit register for signal <registers_11<5>>.
    Found 1-bit register for signal <registers_11<4>>.
    Found 1-bit register for signal <registers_11<3>>.
    Found 1-bit register for signal <registers_11<2>>.
    Found 1-bit register for signal <registers_11<1>>.
    Found 1-bit register for signal <registers_11<0>>.
    Found 1-bit register for signal <registers_12<15>>.
    Found 1-bit register for signal <registers_12<14>>.
    Found 1-bit register for signal <registers_12<13>>.
    Found 1-bit register for signal <registers_12<12>>.
    Found 1-bit register for signal <registers_12<11>>.
    Found 1-bit register for signal <registers_12<10>>.
    Found 1-bit register for signal <registers_12<9>>.
    Found 1-bit register for signal <registers_12<8>>.
    Found 1-bit register for signal <registers_12<7>>.
    Found 1-bit register for signal <registers_12<6>>.
    Found 1-bit register for signal <registers_12<5>>.
    Found 1-bit register for signal <registers_12<4>>.
    Found 1-bit register for signal <registers_12<3>>.
    Found 1-bit register for signal <registers_12<2>>.
    Found 1-bit register for signal <registers_12<1>>.
    Found 1-bit register for signal <registers_12<0>>.
    Found 1-bit register for signal <registers_13<15>>.
    Found 1-bit register for signal <registers_13<14>>.
    Found 1-bit register for signal <registers_13<13>>.
    Found 1-bit register for signal <registers_13<12>>.
    Found 1-bit register for signal <registers_13<11>>.
    Found 1-bit register for signal <registers_13<10>>.
    Found 1-bit register for signal <registers_13<9>>.
    Found 1-bit register for signal <registers_13<8>>.
    Found 1-bit register for signal <registers_13<7>>.
    Found 1-bit register for signal <registers_13<6>>.
    Found 1-bit register for signal <registers_13<5>>.
    Found 1-bit register for signal <registers_13<4>>.
    Found 1-bit register for signal <registers_13<3>>.
    Found 1-bit register for signal <registers_13<2>>.
    Found 1-bit register for signal <registers_13<1>>.
    Found 1-bit register for signal <registers_13<0>>.
    Found 1-bit register for signal <registers_14<15>>.
    Found 1-bit register for signal <registers_14<14>>.
    Found 1-bit register for signal <registers_14<13>>.
    Found 1-bit register for signal <registers_14<12>>.
    Found 1-bit register for signal <registers_14<11>>.
    Found 1-bit register for signal <registers_14<10>>.
    Found 1-bit register for signal <registers_14<9>>.
    Found 1-bit register for signal <registers_14<8>>.
    Found 1-bit register for signal <registers_14<7>>.
    Found 1-bit register for signal <registers_14<6>>.
    Found 1-bit register for signal <registers_14<5>>.
    Found 1-bit register for signal <registers_14<4>>.
    Found 1-bit register for signal <registers_14<3>>.
    Found 1-bit register for signal <registers_14<2>>.
    Found 1-bit register for signal <registers_14<1>>.
    Found 1-bit register for signal <registers_14<0>>.
    Found 1-bit register for signal <registers_15<15>>.
    Found 1-bit register for signal <registers_15<14>>.
    Found 1-bit register for signal <registers_15<13>>.
    Found 1-bit register for signal <registers_15<12>>.
    Found 1-bit register for signal <registers_15<11>>.
    Found 1-bit register for signal <registers_15<10>>.
    Found 1-bit register for signal <registers_15<9>>.
    Found 1-bit register for signal <registers_15<8>>.
    Found 1-bit register for signal <registers_15<7>>.
    Found 1-bit register for signal <registers_15<6>>.
    Found 1-bit register for signal <registers_15<5>>.
    Found 1-bit register for signal <registers_15<4>>.
    Found 1-bit register for signal <registers_15<3>>.
    Found 1-bit register for signal <registers_15<2>>.
    Found 1-bit register for signal <registers_15<1>>.
    Found 1-bit register for signal <registers_15<0>>.
    Found 1-bit register for signal <registers_0<15>>.
    Found 1-bit register for signal <registers_0<14>>.
    Found 1-bit register for signal <registers_0<13>>.
    Found 1-bit register for signal <registers_0<12>>.
    Found 1-bit register for signal <registers_0<11>>.
    Found 1-bit register for signal <registers_0<10>>.
    Found 1-bit register for signal <registers_0<9>>.
    Found 1-bit register for signal <registers_0<8>>.
    Found 1-bit register for signal <registers_0<7>>.
    Found 1-bit register for signal <registers_0<6>>.
    Found 1-bit register for signal <registers_0<5>>.
    Found 1-bit register for signal <registers_0<4>>.
    Found 1-bit register for signal <registers_0<3>>.
    Found 1-bit register for signal <registers_0<2>>.
    Found 1-bit register for signal <registers_0<1>>.
    Found 1-bit register for signal <registers_0<0>>.
    Summary:
	inferred 256 D-type flip-flop(s).
Unit <BancRegistres> synthesized.

Synthesizing Unit <ChoiceMux>.
    Related source file is "/home/calvillo/Bureau/Compilateur/VHDL/Processeur/ChoiceMux.vhd".
        MAX_BITS = 16
        OP_BITS = 4
    Summary:
	no macro.
Unit <ChoiceMux> synthesized.

Synthesizing Unit <ALU>.
    Related source file is "/home/calvillo/Bureau/Compilateur/VHDL/Processeur/ACU.vhd".
        MAX_BITS = 16
        OP_BITS = 4
    Summary:
	no macro.
Unit <ALU> synthesized.

Synthesizing Unit <div_32u_32u>.
    Related source file is "".
    Found 64-bit adder for signal <n3436> created at line 0.
    Found 64-bit adder for signal <GND_22_o_b[31]_add_1_OUT> created at line 0.
    Found 63-bit adder for signal <n3440> created at line 0.
    Found 63-bit adder for signal <GND_22_o_b[31]_add_3_OUT> created at line 0.
    Found 62-bit adder for signal <n3444> created at line 0.
    Found 62-bit adder for signal <GND_22_o_b[31]_add_5_OUT> created at line 0.
    Found 61-bit adder for signal <n3448> created at line 0.
    Found 61-bit adder for signal <GND_22_o_b[31]_add_7_OUT> created at line 0.
    Found 60-bit adder for signal <n3452> created at line 0.
    Found 60-bit adder for signal <GND_22_o_b[31]_add_9_OUT> created at line 0.
    Found 59-bit adder for signal <n3456> created at line 0.
    Found 59-bit adder for signal <GND_22_o_b[31]_add_11_OUT> created at line 0.
    Found 58-bit adder for signal <n3460> created at line 0.
    Found 58-bit adder for signal <GND_22_o_b[31]_add_13_OUT> created at line 0.
    Found 57-bit adder for signal <n3464> created at line 0.
    Found 57-bit adder for signal <GND_22_o_b[31]_add_15_OUT> created at line 0.
    Found 56-bit adder for signal <n3468> created at line 0.
    Found 56-bit adder for signal <GND_22_o_b[31]_add_17_OUT> created at line 0.
    Found 55-bit adder for signal <n3472> created at line 0.
    Found 55-bit adder for signal <GND_22_o_b[31]_add_19_OUT> created at line 0.
    Found 54-bit adder for signal <n3476> created at line 0.
    Found 54-bit adder for signal <GND_22_o_b[31]_add_21_OUT> created at line 0.
    Found 53-bit adder for signal <n3480> created at line 0.
    Found 53-bit adder for signal <GND_22_o_b[31]_add_23_OUT> created at line 0.
    Found 52-bit adder for signal <n3484> created at line 0.
    Found 52-bit adder for signal <GND_22_o_b[31]_add_25_OUT> created at line 0.
    Found 51-bit adder for signal <n3488> created at line 0.
    Found 51-bit adder for signal <GND_22_o_b[31]_add_27_OUT> created at line 0.
    Found 50-bit adder for signal <n3492> created at line 0.
    Found 50-bit adder for signal <GND_22_o_b[31]_add_29_OUT> created at line 0.
    Found 49-bit adder for signal <n3496> created at line 0.
    Found 49-bit adder for signal <GND_22_o_b[31]_add_31_OUT> created at line 0.
    Found 48-bit adder for signal <n3500> created at line 0.
    Found 48-bit adder for signal <GND_22_o_b[31]_add_33_OUT> created at line 0.
    Found 47-bit adder for signal <n3504> created at line 0.
    Found 47-bit adder for signal <GND_22_o_b[31]_add_35_OUT> created at line 0.
    Found 46-bit adder for signal <n3508> created at line 0.
    Found 46-bit adder for signal <GND_22_o_b[31]_add_37_OUT> created at line 0.
    Found 45-bit adder for signal <n3512> created at line 0.
    Found 45-bit adder for signal <GND_22_o_b[31]_add_39_OUT> created at line 0.
    Found 44-bit adder for signal <n3516> created at line 0.
    Found 44-bit adder for signal <GND_22_o_b[31]_add_41_OUT> created at line 0.
    Found 43-bit adder for signal <n3520> created at line 0.
    Found 43-bit adder for signal <GND_22_o_b[31]_add_43_OUT> created at line 0.
    Found 42-bit adder for signal <n3524> created at line 0.
    Found 42-bit adder for signal <GND_22_o_b[31]_add_45_OUT> created at line 0.
    Found 41-bit adder for signal <n3528> created at line 0.
    Found 41-bit adder for signal <GND_22_o_b[31]_add_47_OUT> created at line 0.
    Found 40-bit adder for signal <n3532> created at line 0.
    Found 40-bit adder for signal <GND_22_o_b[31]_add_49_OUT> created at line 0.
    Found 39-bit adder for signal <n3536> created at line 0.
    Found 39-bit adder for signal <GND_22_o_b[31]_add_51_OUT> created at line 0.
    Found 38-bit adder for signal <n3540> created at line 0.
    Found 38-bit adder for signal <GND_22_o_b[31]_add_53_OUT> created at line 0.
    Found 37-bit adder for signal <n3544> created at line 0.
    Found 37-bit adder for signal <GND_22_o_b[31]_add_55_OUT> created at line 0.
    Found 36-bit adder for signal <n3548> created at line 0.
    Found 36-bit adder for signal <GND_22_o_b[31]_add_57_OUT> created at line 0.
    Found 35-bit adder for signal <n3552> created at line 0.
    Found 35-bit adder for signal <GND_22_o_b[31]_add_59_OUT> created at line 0.
    Found 34-bit adder for signal <n3556> created at line 0.
    Found 34-bit adder for signal <GND_22_o_b[31]_add_61_OUT> created at line 0.
    Found 33-bit adder for signal <n3560> created at line 0.
    Found 33-bit adder for signal <GND_22_o_b[31]_add_63_OUT> created at line 0.
    Found 64-bit comparator lessequal for signal <BUS_0001> created at line 0
    Found 63-bit comparator lessequal for signal <BUS_0002> created at line 0
    Found 62-bit comparator lessequal for signal <BUS_0003> created at line 0
    Found 61-bit comparator lessequal for signal <BUS_0004> created at line 0
    Found 60-bit comparator lessequal for signal <BUS_0005> created at line 0
    Found 59-bit comparator lessequal for signal <BUS_0006> created at line 0
    Found 58-bit comparator lessequal for signal <BUS_0007> created at line 0
    Found 57-bit comparator lessequal for signal <BUS_0008> created at line 0
    Found 56-bit comparator lessequal for signal <BUS_0009> created at line 0
    Found 55-bit comparator lessequal for signal <BUS_0010> created at line 0
    Found 54-bit comparator lessequal for signal <BUS_0011> created at line 0
    Found 53-bit comparator lessequal for signal <BUS_0012> created at line 0
    Found 52-bit comparator lessequal for signal <BUS_0013> created at line 0
    Found 51-bit comparator lessequal for signal <BUS_0014> created at line 0
    Found 50-bit comparator lessequal for signal <BUS_0015> created at line 0
    Found 49-bit comparator lessequal for signal <BUS_0016> created at line 0
    Found 48-bit comparator lessequal for signal <BUS_0017> created at line 0
    Found 47-bit comparator lessequal for signal <BUS_0018> created at line 0
    Found 46-bit comparator lessequal for signal <BUS_0019> created at line 0
    Found 45-bit comparator lessequal for signal <BUS_0020> created at line 0
    Found 44-bit comparator lessequal for signal <BUS_0021> created at line 0
    Found 43-bit comparator lessequal for signal <BUS_0022> created at line 0
    Found 42-bit comparator lessequal for signal <BUS_0023> created at line 0
    Found 41-bit comparator lessequal for signal <BUS_0024> created at line 0
    Found 40-bit comparator lessequal for signal <BUS_0025> created at line 0
    Found 39-bit comparator lessequal for signal <BUS_0026> created at line 0
    Found 38-bit comparator lessequal for signal <BUS_0027> created at line 0
    Found 37-bit comparator lessequal for signal <BUS_0028> created at line 0
    Found 36-bit comparator lessequal for signal <BUS_0029> created at line 0
    Found 35-bit comparator lessequal for signal <BUS_0030> created at line 0
    Found 34-bit comparator lessequal for signal <BUS_0031> created at line 0
    Found 33-bit comparator lessequal for signal <BUS_0032> created at line 0
    Found 32-bit comparator lessequal for signal <BUS_0033> created at line 0
    Summary:
	inferred  64 Adder/Subtractor(s).
	inferred  33 Comparator(s).
	inferred 993 Multiplexer(s).
Unit <div_32u_32u> synthesized.

=========================================================================
HDL Synthesis Report

Found no macro
=========================================================================

=========================================================================
*                       Advanced HDL Synthesis                          *
=========================================================================


=========================================================================
Advanced HDL Synthesis Report

Found no macro
=========================================================================

=========================================================================
*                         Low Level Synthesis                           *
=========================================================================

Optimizing unit <Project> ...

Mapping all equations...
Building and optimizing final netlist ...
Found area constraint ratio of 100 (+ 5) on block Project, actual ratio is 0.

Final Macro Processing ...

=========================================================================
Final Register Report

Found no macro
=========================================================================

=========================================================================
*                           Partition Report                            *
=========================================================================

Partition Implementation Status
-------------------------------

  No Partitions were found in this design.

-------------------------------

=========================================================================
*                            Design Summary                             *
=========================================================================

Top Level Output File Name         : Project.ngc

Primitive and Black Box Usage:
------------------------------

Device utilization summary:
---------------------------

Selected Device : 6slx16csg324-2 


Slice Logic Utilization: 

Slice Logic Distribution: 
 Number of LUT Flip Flop pairs used:      0
   Number with an unused Flip Flop:       0  out of      0         
   Number with an unused LUT:             0  out of      0         
   Number of fully used LUT-FF pairs:     0  out of      0         
   Number of unique control sets:         0

IO Utilization: 
 Number of IOs:                          19
 Number of bonded IOBs:                   0  out of    232     0%  

Specific Feature Utilization:

---------------------------
Partition Resource Summary:
---------------------------

  No Partitions were found in this design.

---------------------------


=========================================================================
Timing Report

NOTE: THESE TIMING NUMBERS ARE ONLY A SYNTHESIS ESTIMATE.
      FOR ACCURATE TIMING INFORMATION PLEASE REFER TO THE TRACE REPORT
      GENERATED AFTER PLACE-and-ROUTE.

Clock Information:
------------------
No clock signals found in this design

Asynchronous Control Signals Information:
----------------------------------------
No asynchronous control signals found in this design

Timing Summary:
---------------
Speed Grade: -2

   Minimum period: No path found
   Minimum input arrival time before clock: No path found
   Maximum output required time after clock: No path found
   Maximum combinational path delay: No path found

Timing Details:
---------------
All values displayed in nanoseconds (ns)

=========================================================================

Cross Clock Domains Report:
--------------------------

=========================================================================


Total REAL time to Xst completion: 65.00 secs
Total CPU time to Xst completion: 55.93 secs
 
--> 


Total memory usage is 429628 kilobytes

Number of errors   :    0 (   0 filtered)
Number of warnings :    8 (   0 filtered)
Number of infos    :    1 (   0 filtered)

